<?xml version="1.0" encoding="UTF-8"?>
<testng-results skipped="0" failed="0" ignored="1" total="2" passed="1">
  <reporter-output>
  </reporter-output>
  <suite name="Suite" duration-ms="6760" started-at="2021-07-04T04:02:37 UTC" finished-at="2021-07-04T04:02:44 UTC">
    <groups>
    </groups>
    <test name="Test" duration-ms="6760" started-at="2021-07-04T04:02:37 UTC" finished-at="2021-07-04T04:02:44 UTC">
      <class name="test.LoginTest">
        <test-method status="PASS" signature="setup()[pri:0, instance:test.LoginTest@6e6c3152]" name="setup" is-config="true" duration-ms="3087" started-at="2021-07-04T04:02:37 UTC" finished-at="2021-07-04T04:02:40 UTC">
          <reporter-output>
          </reporter-output>
        </test-method> <!-- setup -->
        <test-method status="PASS" signature="LoginTestcase2()[pri:0, instance:test.LoginTest@6e6c3152]" name="LoginTestcase2" duration-ms="3316" started-at="2021-07-04T04:02:40 UTC" finished-at="2021-07-04T04:02:44 UTC">
          <reporter-output>
          </reporter-output>
        </test-method> <!-- LoginTestcase2 -->
        <test-method status="PASS" signature="teardown()[pri:0, instance:test.LoginTest@6e6c3152]" name="teardown" is-config="true" duration-ms="323" started-at="2021-07-04T04:02:44 UTC" finished-at="2021-07-04T04:02:44 UTC">
          <reporter-output>
          </reporter-output>
        </test-method> <!-- teardown -->
      </class> <!-- test.LoginTest -->
    </test> <!-- Test -->
  </suite> <!-- Suite -->
</testng-results>
