<?xml version="1.0" encoding="UTF-8"?>
<testng-results skipped="0" failed="0" ignored="0" total="2" passed="2">
  <reporter-output>
  </reporter-output>
  <suite name="Default suite" duration-ms="48" started-at="2021-07-10T06:36:23 UTC" finished-at="2021-07-10T06:36:23 UTC">
    <groups>
    </groups>
    <test name="Default test" duration-ms="48" started-at="2021-07-10T06:36:23 UTC" finished-at="2021-07-10T06:36:23 UTC">
      <class name="tdd.PrimeNumTest">
        <test-method status="PASS" signature="NegativeTest()[pri:0, instance:tdd.PrimeNumTest@76b0bfab]" name="NegativeTest" duration-ms="9" started-at="2021-07-10T06:36:23 UTC" finished-at="2021-07-10T06:36:23 UTC">
          <reporter-output>
          </reporter-output>
        </test-method> <!-- NegativeTest -->
        <test-method status="PASS" signature="PositiveTest()[pri:0, instance:tdd.PrimeNumTest@76b0bfab]" name="PositiveTest" duration-ms="1" started-at="2021-07-10T06:36:23 UTC" finished-at="2021-07-10T06:36:23 UTC">
          <reporter-output>
          </reporter-output>
        </test-method> <!-- PositiveTest -->
      </class> <!-- tdd.PrimeNumTest -->
    </test> <!-- Default test -->
  </suite> <!-- Default suite -->
</testng-results>
